Using pre-set license
Built from '2020.3/staging' branch; Version is '2020.3.23f1 (c5d91304a876) revision 12966163'; Using compiler version '192528614'; Build Type 'Release'
OS: 'Windows 10 Home; OS build 19042.1415; Version 2009; 64bit' Language: 'fr' Physical Memory: 7934 MB
BatchMode: 1, IsHumanControllingUs: 0, StartBugReporterOnCrash: 0, Is64bit: 1, IsPro: 0

COMMAND LINE ARGUMENTS:
C:\Program Files\Unity\Hub\Editor\2020.3.23f1\Editor\Unity.exe
-adb2
-batchMode
-noUpm
-name
AssetImportWorker0
-projectPath
C:/Users/antoi/Documents/Project99
-logFile
Logs/AssetImportWorker0.log
-srvPort
63480
Successfully changed project path to: C:/Users/antoi/Documents/Project99
C:/Users/antoi/Documents/Project99
Using Asset Import Pipeline V2.
Refreshing native plugins compatible for Editor in 55.79 ms, found 2 plugins.
Preloading 0 native plugins for Editor in 0.00 ms.
Initialize engine version: 2020.3.23f1 (c5d91304a876)
[Subsystems] Discovering subsystems at path C:/Program Files/Unity/Hub/Editor/2020.3.23f1/Editor/Data/Resources/UnitySubsystems
[Subsystems] Discovering subsystems at path C:/Users/antoi/Documents/Project99/Assets
GfxDevice: creating device client; threaded=0
Direct3D:
    Version:  Direct3D 11.0 [level 11.1]
    Renderer: NVIDIA GeForce RTX 3050 Laptop GPU (ID=0x25a2)
    Vendor:   
    VRAM:     3991 MB
    Driver:   27.21.14.6236
Initialize mono
Mono path[0] = 'C:/Program Files/Unity/Hub/Editor/2020.3.23f1/Editor/Data/Managed'
Mono path[1] = 'C:/Program Files/Unity/Hub/Editor/2020.3.23f1/Editor/Data/MonoBleedingEdge/lib/mono/unityjit'
Mono config path = 'C:/Program Files/Unity/Hub/Editor/2020.3.23f1/Editor/Data/MonoBleedingEdge/etc'
Using monoOptions --debugger-agent=transport=dt_socket,embedding=1,server=y,suspend=n,address=127.0.0.1:56712
Begin MonoManager ReloadAssembly
Registering precompiled unity dll's ...
Register platform support module: C:/Program Files/Unity/Hub/Editor/2020.3.23f1/Editor/Data/PlaybackEngines/WindowsStandaloneSupport/UnityEditor.WindowsStandalone.Extensions.dll
Registered in 0.002305 seconds.
Native extension for WindowsStandalone target not found
Refreshing native plugins compatible for Editor in 39.06 ms, found 2 plugins.
Preloading 0 native plugins for Editor in 0.00 ms.
Mono: successfully reloaded assembly
- Completed reload, in  0.559 seconds
Domain Reload Profiling:
	ReloadAssembly (560ms)
		BeginReloadAssembly (63ms)
			ExecutionOrderSort (0ms)
			DisableScriptedObjects (0ms)
			BackupInstance (0ms)
			ReleaseScriptingObjects (0ms)
			CreateAndSetChildDomain (1ms)
		EndReloadAssembly (435ms)
			LoadAssemblies (61ms)
			RebuildTransferFunctionScriptingTraits (0ms)
			SetupTypeCache (145ms)
			ReleaseScriptCaches (0ms)
			RebuildScriptCaches (31ms)
			SetupLoadedEditorAssemblies (163ms)
				LogAssemblyErrors (0ms)
				InitializePlatformSupportModulesInManaged (3ms)
				SetLoadedEditorAssemblies (1ms)
				RefreshPlugins (39ms)
				BeforeProcessingInitializeOnLoad (11ms)
				ProcessInitializeOnLoadAttributes (82ms)
				ProcessInitializeOnLoadMethodAttributes (26ms)
				AfterProcessingInitializeOnLoad (0ms)
				EditorAssembliesLoaded (0ms)
			ExecutionOrderSort2 (0ms)
			AwakeInstancesAfterBackupRestoration (0ms)
Platform modules already initialized, skipping
Registering precompiled user dll's ...
Registered in 0.004673 seconds.
Begin MonoManager ReloadAssembly
Native extension for WindowsStandalone target not found
Refreshing native plugins compatible for Editor in 0.94 ms, found 2 plugins.
Preloading 0 native plugins for Editor in 0.00 ms.
Mono: successfully reloaded assembly
- Completed reload, in  1.033 seconds
Domain Reload Profiling:
	ReloadAssembly (1035ms)
		BeginReloadAssembly (153ms)
			ExecutionOrderSort (0ms)
			DisableScriptedObjects (8ms)
			BackupInstance (0ms)
			ReleaseScriptingObjects (0ms)
			CreateAndSetChildDomain (20ms)
		EndReloadAssembly (818ms)
			LoadAssemblies (74ms)
			RebuildTransferFunctionScriptingTraits (0ms)
			SetupTypeCache (239ms)
			ReleaseScriptCaches (0ms)
			RebuildScriptCaches (47ms)
			SetupLoadedEditorAssemblies (344ms)
				LogAssemblyErrors (0ms)
				InitializePlatformSupportModulesInManaged (7ms)
				SetLoadedEditorAssemblies (1ms)
				RefreshPlugins (1ms)
				BeforeProcessingInitializeOnLoad (127ms)
				ProcessInitializeOnLoadAttributes (195ms)
				ProcessInitializeOnLoadMethodAttributes (7ms)
				AfterProcessingInitializeOnLoad (5ms)
				EditorAssembliesLoaded (0ms)
			ExecutionOrderSort2 (0ms)
			AwakeInstancesAfterBackupRestoration (4ms)
Platform modules already initialized, skipping
========================================================================
Worker process is ready to serve import requests
Launched and connected shader compiler UnityShaderCompiler.exe after 0.11 seconds
Refreshing native plugins compatible for Editor in 0.42 ms, found 2 plugins.
Preloading 0 native plugins for Editor in 0.00 ms.
Unloading 1498 Unused Serialized files (Serialized files now loaded: 0)
System memory in use before: 67.3 MB.
System memory in use after: 67.4 MB.

Unloading 19 unused Assets to reduce memory usage. Loaded Objects now: 1930.
Total: 2.813100 ms (FindLiveObjects: 0.234900 ms CreateObjectMapping: 0.029900 ms MarkObjects: 2.462900 ms  DeleteObjects: 0.084100 ms)

AssetImportParameters requested are different than current active one (requested -> active):
  custom:framework-win-MediaFoundation: 216162199b28c13a410421893ffa2e32 -> 
  custom:video-decoder-ogg-theora: a1e56fd34408186e4bbccfd4996cb3dc -> 
  custom:container-muxer-webm: aa71ff27fc2769a1b78a27578f13a17b -> 
  custom:container-demuxer-webm: 4f35f7cbe854078d1ac9338744f61a02 -> 
  custom:container-demuxer-ogg: 62fdf1f143b41e24485cea50d1cbac27 -> 
  custom:video-encoder-webm-vp8: eb34c28f22e8b96e1ab97ce403110664 -> 
  custom:video-codec-MediaFoundation-h265: 746d11721c4dcdbdad8f713fa42b33f4 -> 
  custom:video-decoder-webm-vp8: 9c59270c3fd7afecdb556c50c9e8de78 -> 
  custom:audio-decoder-ogg-vorbis: bf7c407c2cedff20999df2af8eb42d56 -> 
  custom:audio-encoder-webm-vorbis: bf7c407c2cedff20999df2af8eb42d56 -> 
========================================================================
Received Import Request.
  path: Assets
  artifactKey: Guid(00000000000000001000000000000000) Importer(815301076,1909f56bfc062723c751e8b465ee728b)
Start importing Assets using Guid(00000000000000001000000000000000) Importer(815301076,1909f56bfc062723c751e8b465ee728b)  -> (artifact id: '42d402b061de3733987d63b9cc3b64de') in 0.008778 seconds 
  Import took 0.012734 seconds .

========================================================================
Received Import Request.
  Time since last request: 2.438530 seconds.
  path: Assets/Assets
  artifactKey: Guid(8cdf781900af95d47b140aa9088c149a) Importer(815301076,1909f56bfc062723c751e8b465ee728b)
Start importing Assets/Assets using Guid(8cdf781900af95d47b140aa9088c149a) Importer(815301076,1909f56bfc062723c751e8b465ee728b)  -> (artifact id: 'b89056f02d68c79097c8d0492cbf5328') in 0.003634 seconds 
  Import took 0.008845 seconds .

========================================================================
Received Import Request.
  Time since last request: 5.818109 seconds.
  path: Assets/Assets/Mesh
  artifactKey: Guid(ea0f2c6fdfd76604c9cecd77a8723a7b) Importer(815301076,1909f56bfc062723c751e8b465ee728b)
Start importing Assets/Assets/Mesh using Guid(ea0f2c6fdfd76604c9cecd77a8723a7b) Importer(815301076,1909f56bfc062723c751e8b465ee728b)  -> (artifact id: '2aeff6a6243dcf1f35e3a8c0eec5b0f2') in 0.008667 seconds 
  Import took 0.013707 seconds .

========================================================================
Received Import Request.
  Time since last request: 6.633336 seconds.
  path: Assets/Assets/Textures
  artifactKey: Guid(8223856e0b8832c45a9fd97b24e07384) Importer(815301076,1909f56bfc062723c751e8b465ee728b)
Start importing Assets/Assets/Textures using Guid(8223856e0b8832c45a9fd97b24e07384) Importer(815301076,1909f56bfc062723c751e8b465ee728b)  -> (artifact id: '582ede448ff463a70a4a1b1c33cb34ea') in 0.006239 seconds 
  Import took 0.010565 seconds .

========================================================================
Received Import Request.
  Time since last request: 0.860856 seconds.
  path: Assets/Assets/Textures 1
  artifactKey: Guid(8ebd040694f2a674f845fe3e916d7be3) Importer(815301076,1909f56bfc062723c751e8b465ee728b)
Start importing Assets/Assets/Textures 1 using Guid(8ebd040694f2a674f845fe3e916d7be3) Importer(815301076,1909f56bfc062723c751e8b465ee728b)  -> (artifact id: '040cfae73e62d2ca43effc7b0434b7ca') in 0.003807 seconds 
  Import took 0.006813 seconds .

========================================================================
Received Import Request.
  Time since last request: 8.031259 seconds.
  path: Assets/Assets/Materials
  artifactKey: Guid(8ebd040694f2a674f845fe3e916d7be3) Importer(815301076,1909f56bfc062723c751e8b465ee728b)
Start importing Assets/Assets/Materials using Guid(8ebd040694f2a674f845fe3e916d7be3) Importer(815301076,1909f56bfc062723c751e8b465ee728b)  -> (artifact id: '75544e73e9e962bf87c84caeb8c34a29') in 0.008547 seconds 
  Import took 0.013233 seconds .

========================================================================
Received Import Request.
  Time since last request: 23.710209 seconds.
  path: Assets/Prefabs
  artifactKey: Guid(09eafbdb5001da641b33ebc2588fc39a) Importer(815301076,1909f56bfc062723c751e8b465ee728b)
Start importing Assets/Prefabs using Guid(09eafbdb5001da641b33ebc2588fc39a) Importer(815301076,1909f56bfc062723c751e8b465ee728b)  -> (artifact id: '93118d4ed3babda2edce66e7d478cf8b') in 0.008353 seconds 
  Import took 0.013093 seconds .

========================================================================
Received Import Request.
  Time since last request: 7.562717 seconds.
  path: Assets/Inputs
  artifactKey: Guid(d82df253716b6164d8fd5d621fbd0542) Importer(815301076,1909f56bfc062723c751e8b465ee728b)
Start importing Assets/Inputs using Guid(d82df253716b6164d8fd5d621fbd0542) Importer(815301076,1909f56bfc062723c751e8b465ee728b)  -> (artifact id: '6b2a78c5f015a4435e033e4797b54f4f') in 0.006203 seconds 
  Import took 0.011760 seconds .

========================================================================
Received Import Request.
  Time since last request: 11.204620 seconds.
  path: Assets/Scripts
  artifactKey: Guid(9f207eab8ffe084479554558b4cbcdc2) Importer(815301076,1909f56bfc062723c751e8b465ee728b)
Start importing Assets/Scripts using Guid(9f207eab8ffe084479554558b4cbcdc2) Importer(815301076,1909f56bfc062723c751e8b465ee728b)  -> (artifact id: 'a312b10fc8b5750968f11e2339ffbbb4') in 0.003479 seconds 
  Import took 0.007491 seconds .

